<?xml version="1.0" encoding="UTF-8"?>
<coverage generated="1664635448031" clover="3.2.0">
  <project timestamp="1664635448031" name="All files">
    <metrics statements="15" coveredstatements="15" conditionals="2" coveredconditionals="2" methods="3" coveredmethods="3" elements="20" coveredelements="20" complexity="0" loc="15" ncloc="15" packages="1" files="1" classes="1"/>
    <file name="authService.ts" path="/home/gustavo-de-brito/Documents/Driven/projetos/module5/projeto22-why-science/projeto22-why-science-back/src/services/authService.ts">
      <metrics statements="15" coveredstatements="15" conditionals="2" coveredconditionals="2" methods="3" coveredmethods="3"/>
      <line num="1" count="1" type="stmt"/>
      <line num="2" count="1" type="stmt"/>
      <line num="6" count="1" type="stmt"/>
      <line num="7" count="1" type="stmt"/>
      <line num="9" count="1" type="stmt"/>
      <line num="12" count="3" type="stmt"/>
      <line num="14" count="3" type="cond" truecount="1" falsecount="0"/>
      <line num="18" count="2" type="stmt"/>
      <line num="20" count="2" type="cond" truecount="1" falsecount="0"/>
      <line num="24" count="3" type="stmt"/>
      <line num="25" count="2" type="stmt"/>
      <line num="27" count="1" type="stmt"/>
      <line num="29" count="1" type="stmt"/>
      <line num="36" count="1" type="stmt"/>
      <line num="39" count="1" type="stmt"/>
    </file>
  </project>
</coverage>
