<?xml version="1.0" encoding="UTF-8"?>
<coverage generated="1665189731356" clover="3.2.0">
  <project timestamp="1665189731356" name="All files">
    <metrics statements="83" coveredstatements="83" conditionals="18" coveredconditionals="17" methods="23" coveredmethods="23" elements="124" coveredelements="123" complexity="0" loc="83" ncloc="83" packages="1" files="4" classes="4"/>
    <file name="authService.ts" path="/home/gustavo-de-brito/Documents/Driven/projetos/module5/projeto22-why-science/projeto22-why-science-back/src/services/authService.ts">
      <metrics statements="29" coveredstatements="29" conditionals="8" coveredconditionals="7" methods="7" coveredmethods="7"/>
      <line num="1" count="2" type="stmt"/>
      <line num="2" count="2" type="stmt"/>
      <line num="3" count="2" type="stmt"/>
      <line num="7" count="2" type="stmt"/>
      <line num="8" count="2" type="stmt"/>
      <line num="10" count="2" type="stmt"/>
      <line num="13" count="3" type="stmt"/>
      <line num="15" count="3" type="cond" truecount="1" falsecount="0"/>
      <line num="19" count="2" type="stmt"/>
      <line num="21" count="2" type="cond" truecount="1" falsecount="0"/>
      <line num="25" count="3" type="stmt"/>
      <line num="26" count="2" type="stmt"/>
      <line num="28" count="1" type="stmt"/>
      <line num="30" count="1" type="stmt"/>
      <line num="37" count="1" type="stmt"/>
      <line num="41" count="3" type="stmt"/>
      <line num="43" count="3" type="cond" truecount="1" falsecount="0"/>
      <line num="45" count="2" type="stmt"/>
      <line num="49" count="2" type="stmt"/>
      <line num="51" count="2" type="cond" truecount="1" falsecount="0"/>
      <line num="55" count="3" type="stmt"/>
      <line num="56" count="2" type="stmt"/>
      <line num="58" count="1" type="cond" truecount="3" falsecount="1"/>
      <line num="59" count="1" type="stmt"/>
      <line num="61" count="1" type="stmt"/>
      <line num="67" count="1" type="stmt"/>
      <line num="71" count="12" type="stmt"/>
      <line num="73" count="12" type="stmt"/>
      <line num="76" count="2" type="stmt"/>
    </file>
    <file name="categoryService.ts" path="/home/gustavo-de-brito/Documents/Driven/projetos/module5/projeto22-why-science/projeto22-why-science-back/src/services/categoryService.ts">
      <metrics statements="8" coveredstatements="8" conditionals="0" coveredconditionals="0" methods="3" coveredmethods="3"/>
      <line num="2" count="2" type="stmt"/>
      <line num="5" count="2" type="stmt"/>
      <line num="9" count="2" type="stmt"/>
      <line num="13" count="2" type="stmt"/>
      <line num="17" count="2" type="stmt"/>
      <line num="21" count="1" type="stmt"/>
      <line num="25" count="1" type="stmt"/>
      <line num="28" count="2" type="stmt"/>
    </file>
    <file name="likeService.ts" path="/home/gustavo-de-brito/Documents/Driven/projetos/module5/projeto22-why-science/projeto22-why-science-back/src/services/likeService.ts">
      <metrics statements="6" coveredstatements="6" conditionals="0" coveredconditionals="0" methods="3" coveredmethods="3"/>
      <line num="2" count="2" type="stmt"/>
      <line num="7" count="3" type="stmt"/>
      <line num="11" count="3" type="stmt"/>
      <line num="15" count="2" type="stmt"/>
      <line num="19" count="1" type="stmt"/>
      <line num="22" count="2" type="stmt"/>
    </file>
    <file name="questionService.ts" path="/home/gustavo-de-brito/Documents/Driven/projetos/module5/projeto22-why-science/projeto22-why-science-back/src/services/questionService.ts">
      <metrics statements="40" coveredstatements="40" conditionals="10" coveredconditionals="10" methods="10" coveredmethods="10"/>
      <line num="1" count="2" type="stmt"/>
      <line num="4" count="2" type="stmt"/>
      <line num="5" count="2" type="stmt"/>
      <line num="6" count="2" type="stmt"/>
      <line num="9" count="2" type="stmt"/>
      <line num="13" count="2" type="cond" truecount="1" falsecount="0"/>
      <line num="15" count="1" type="stmt"/>
      <line num="19" count="2" type="stmt"/>
      <line num="23" count="2" type="cond" truecount="1" falsecount="0"/>
      <line num="27" count="2" type="stmt"/>
      <line num="28" count="1" type="stmt"/>
      <line num="30" count="1" type="stmt"/>
      <line num="34" count="6" type="stmt"/>
      <line num="38" count="6" type="cond" truecount="1" falsecount="0"/>
      <line num="44" count="6" type="stmt"/>
      <line num="46" count="5" type="stmt"/>
      <line num="48" count="5" type="cond" truecount="2" falsecount="0"/>
      <line num="49" count="2" type="stmt"/>
      <line num="50" count="3" type="cond" truecount="1" falsecount="0"/>
      <line num="51" count="2" type="stmt"/>
      <line num="54" count="3" type="cond" truecount="1" falsecount="0"/>
      <line num="55" count="1" type="stmt"/>
      <line num="58" count="2" type="stmt"/>
      <line num="64" count="2" type="stmt"/>
      <line num="68" count="2" type="stmt"/>
      <line num="72" count="10" type="stmt"/>
      <line num="79" count="10" type="stmt"/>
      <line num="83" count="1" type="stmt"/>
      <line num="85" count="1" type="stmt"/>
      <line num="87" count="1" type="stmt"/>
      <line num="91" count="4" type="stmt"/>
      <line num="95" count="4" type="cond" truecount="1" falsecount="0"/>
      <line num="101" count="3" type="stmt"/>
      <line num="103" count="3" type="stmt"/>
      <line num="107" count="4" type="stmt"/>
      <line num="108" count="3" type="stmt"/>
      <line num="110" count="3" type="cond" truecount="2" falsecount="0"/>
      <line num="111" count="2" type="stmt"/>
      <line num="113" count="1" type="stmt"/>
      <line num="117" count="2" type="stmt"/>
    </file>
  </project>
</coverage>
