{"/home/gustavo-de-brito/Documents/Driven/projetos/module5/projeto22-why-science/projeto22-why-science-back/src/services/answerService.ts": {"path":"/home/gustavo-de-brito/Documents/Driven/projetos/module5/projeto22-why-science/projeto22-why-science-back/src/services/answerService.ts","statementMap":{"0":{"start":{"line":2,"column":0},"end":{"line":2,"column":68}},"1":{"start":{"line":6,"column":27},"end":{"line":6,"column":64}},"2":{"start":{"line":8,"column":2},"end":{"line":8,"column":18}},"3":{"start":{"line":12,"column":18},"end":{"line":12,"column":75}},"4":{"start":{"line":14,"column":26},"end":{"line":23,"column":4}},"5":{"start":{"line":15,"column":27},"end":{"line":20,"column":null}},"6":{"start":{"line":22,"column":4},"end":{"line":22,"column":26}},"7":{"start":{"line":25,"column":2},"end":{"line":25,"column":25}},"8":{"start":{"line":28,"column":13},"end":{"line":31,"column":2}}},"fnMap":{"0":{"name":"createAnswer","decl":{"start":{"line":5,"column":15},"end":{"line":5,"column":27}},"loc":{"start":{"line":5,"column":46},"end":{"line":9,"column":null}}},"1":{"name":"findQuestionAnswers","decl":{"start":{"line":11,"column":15},"end":{"line":11,"column":34}},"loc":{"start":{"line":11,"column":53},"end":{"line":26,"column":null}}},"2":{"name":"(anonymous_11)","decl":{"start":{"line":14,"column":38},"end":{"line":14,"column":44}},"loc":{"start":{"line":14,"column":47},"end":{"line":23,"column":3}}}},"branchMap":{},"s":{"0":2,"1":1,"2":1,"3":1,"4":1,"5":1,"6":1,"7":1,"8":2},"f":{"0":1,"1":1,"2":1},"b":{}}
,"/home/gustavo-de-brito/Documents/Driven/projetos/module5/projeto22-why-science/projeto22-why-science-back/src/services/authService.ts": {"path":"/home/gustavo-de-brito/Documents/Driven/projetos/module5/projeto22-why-science/projeto22-why-science-back/src/services/authService.ts","statementMap":{"0":{"start":{"line":1,"column":0},"end":{"line":1,"column":28}},"1":{"start":{"line":2,"column":0},"end":{"line":2,"column":28}},"2":{"start":{"line":3,"column":0},"end":{"line":3,"column":31}},"3":{"start":{"line":7,"column":0},"end":{"line":7,"column":63}},"4":{"start":{"line":8,"column":0},"end":{"line":8,"column":70}},"5":{"start":{"line":10,"column":0},"end":{"line":10,"column":16}},"6":{"start":{"line":13,"column":28},"end":{"line":13,"column":68}},"7":{"start":{"line":15,"column":2},"end":{"line":15,"column":71}},"8":{"start":{"line":15,"column":11},"end":{"line":15,"column":71}},"9":{"start":{"line":19,"column":28},"end":{"line":19,"column":70}},"10":{"start":{"line":21,"column":2},"end":{"line":21,"column":72}},"11":{"start":{"line":21,"column":11},"end":{"line":21,"column":72}},"12":{"start":{"line":25,"column":2},"end":{"line":25,"column":40}},"13":{"start":{"line":26,"column":2},"end":{"line":26,"column":45}},"14":{"start":{"line":28,"column":36},"end":{"line":28,"column":70}},"15":{"start":{"line":30,"column":28},"end":{"line":35,"column":null}},"16":{"start":{"line":37,"column":2},"end":{"line":37,"column":39}},"17":{"start":{"line":41,"column":28},"end":{"line":41,"column":70}},"18":{"start":{"line":43,"column":2},"end":{"line":43,"column":64}},"19":{"start":{"line":43,"column":12},"end":{"line":43,"column":64}},"20":{"start":{"line":45,"column":2},"end":{"line":45,"column":14}},"21":{"start":{"line":49,"column":28},"end":{"line":49,"column":71}},"22":{"start":{"line":51,"column":2},"end":{"line":51,"column":77}},"23":{"start":{"line":51,"column":25},"end":{"line":51,"column":77}},"24":{"start":{"line":55,"column":19},"end":{"line":55,"column":54}},"25":{"start":{"line":56,"column":2},"end":{"line":56,"column":50}},"26":{"start":{"line":58,"column":26},"end":{"line":58,"column":60}},"27":{"start":{"line":59,"column":26},"end":{"line":59,"column":37}},"28":{"start":{"line":61,"column":16},"end":{"line":64,"column":null}},"29":{"start":{"line":67,"column":2},"end":{"line":67,"column":15}},"30":{"start":{"line":71,"column":28},"end":{"line":71,"column":68}},"31":{"start":{"line":73,"column":2},"end":{"line":73,"column":14}},"32":{"start":{"line":76,"column":13},"end":{"line":80,"column":2}}},"fnMap":{"0":{"name":"isUserNameRegistered","decl":{"start":{"line":12,"column":15},"end":{"line":12,"column":35}},"loc":{"start":{"line":12,"column":48},"end":{"line":16,"column":null}}},"1":{"name":"isEmailAlreadyRegistered","decl":{"start":{"line":18,"column":15},"end":{"line":18,"column":39}},"loc":{"start":{"line":18,"column":53},"end":{"line":22,"column":null}}},"2":{"name":"registerUser","decl":{"start":{"line":24,"column":15},"end":{"line":24,"column":27}},"loc":{"start":{"line":24,"column":47},"end":{"line":38,"column":null}}},"3":{"name":"isEmailRegistered","decl":{"start":{"line":40,"column":15},"end":{"line":40,"column":32}},"loc":{"start":{"line":40,"column":46},"end":{"line":46,"column":null}}},"4":{"name":"checkPassword","decl":{"start":{"line":48,"column":9},"end":{"line":48,"column":22}},"loc":{"start":{"line":48,"column":62},"end":{"line":52,"column":1}}},"5":{"name":"loginUser","decl":{"start":{"line":54,"column":15},"end":{"line":54,"column":24}},"loc":{"start":{"line":54,"column":41},"end":{"line":68,"column":null}}},"6":{"name":"getUserById","decl":{"start":{"line":70,"column":15},"end":{"line":70,"column":26}},"loc":{"start":{"line":70,"column":41},"end":{"line":74,"column":null}}}},"branchMap":{"0":{"loc":{"start":{"line":15,"column":2},"end":{"line":15,"column":71}},"type":"if","locations":[{"start":{"line":15,"column":2},"end":{"line":15,"column":71}}]},"1":{"loc":{"start":{"line":21,"column":2},"end":{"line":21,"column":72}},"type":"if","locations":[{"start":{"line":21,"column":2},"end":{"line":21,"column":72}}]},"2":{"loc":{"start":{"line":43,"column":2},"end":{"line":43,"column":64}},"type":"if","locations":[{"start":{"line":43,"column":2},"end":{"line":43,"column":64}}]},"3":{"loc":{"start":{"line":51,"column":2},"end":{"line":51,"column":77}},"type":"if","locations":[{"start":{"line":51,"column":2},"end":{"line":51,"column":77}}]},"4":{"loc":{"start":{"line":58,"column":26},"end":{"line":58,"column":60}},"type":"cond-expr","locations":[{"start":{"line":58,"column":53},"end":{"line":58,"column":58}},{"start":{"line":58,"column":58},"end":{"line":58,"column":60}}]},"5":{"loc":{"start":{"line":58,"column":26},"end":{"line":58,"column":58}},"type":"binary-expr","locations":[{"start":{"line":58,"column":26},"end":{"line":58,"column":58}},{"start":{"line":58,"column":53},"end":{"line":58,"column":58}}]}},"s":{"0":2,"1":2,"2":2,"3":2,"4":2,"5":2,"6":3,"7":3,"8":1,"9":2,"10":2,"11":1,"12":3,"13":2,"14":1,"15":1,"16":1,"17":3,"18":3,"19":1,"20":2,"21":2,"22":2,"23":1,"24":3,"25":2,"26":1,"27":1,"28":1,"29":1,"30":17,"31":17,"32":2},"f":{"0":3,"1":2,"2":3,"3":3,"4":2,"5":3,"6":17},"b":{"0":[1],"1":[1],"2":[1],"3":[1],"4":[1,0],"5":[1,1]}}
,"/home/gustavo-de-brito/Documents/Driven/projetos/module5/projeto22-why-science/projeto22-why-science-back/src/services/categoryService.ts": {"path":"/home/gustavo-de-brito/Documents/Driven/projetos/module5/projeto22-why-science/projeto22-why-science-back/src/services/categoryService.ts","statementMap":{"0":{"start":{"line":2,"column":0},"end":{"line":2,"column":72}},"1":{"start":{"line":5,"column":36},"end":{"line":6,"column":null}},"2":{"start":{"line":9,"column":2},"end":{"line":9,"column":18}},"3":{"start":{"line":13,"column":36},"end":{"line":14,"column":null}},"4":{"start":{"line":17,"column":2},"end":{"line":17,"column":18}},"5":{"start":{"line":21,"column":29},"end":{"line":22,"column":null}},"6":{"start":{"line":25,"column":2},"end":{"line":25,"column":18}},"7":{"start":{"line":28,"column":13},"end":{"line":32,"column":2}}},"fnMap":{"0":{"name":"findCategoryById","decl":{"start":{"line":4,"column":15},"end":{"line":4,"column":31}},"loc":{"start":{"line":4,"column":50},"end":{"line":10,"column":null}}},"1":{"name":"findCategoryByName","decl":{"start":{"line":12,"column":15},"end":{"line":12,"column":33}},"loc":{"start":{"line":12,"column":54},"end":{"line":18,"column":null}}},"2":{"name":"addCategory","decl":{"start":{"line":20,"column":15},"end":{"line":20,"column":26}},"loc":{"start":{"line":20,"column":47},"end":{"line":26,"column":null}}}},"branchMap":{},"s":{"0":2,"1":2,"2":2,"3":2,"4":2,"5":1,"6":1,"7":2},"f":{"0":2,"1":2,"2":1},"b":{}}
,"/home/gustavo-de-brito/Documents/Driven/projetos/module5/projeto22-why-science/projeto22-why-science-back/src/services/likeService.ts": {"path":"/home/gustavo-de-brito/Documents/Driven/projetos/module5/projeto22-why-science/projeto22-why-science-back/src/services/likeService.ts","statementMap":{"0":{"start":{"line":2,"column":0},"end":{"line":2,"column":64}},"1":{"start":{"line":7,"column":27},"end":{"line":8,"column":null}},"2":{"start":{"line":11,"column":2},"end":{"line":11,"column":14}},"3":{"start":{"line":15,"column":2},"end":{"line":15,"column":null}},"4":{"start":{"line":19,"column":2},"end":{"line":19,"column":42}},"5":{"start":{"line":22,"column":13},"end":{"line":26,"column":2}}},"fnMap":{"0":{"name":"findLike","decl":{"start":{"line":4,"column":15},"end":{"line":4,"column":23}},"loc":{"start":{"line":4,"column":58},"end":{"line":12,"column":null}}},"1":{"name":"addLike","decl":{"start":{"line":14,"column":15},"end":{"line":14,"column":22}},"loc":{"start":{"line":14,"column":57},"end":{"line":16,"column":null}}},"2":{"name":"removeLike","decl":{"start":{"line":18,"column":15},"end":{"line":18,"column":25}},"loc":{"start":{"line":18,"column":40},"end":{"line":20,"column":null}}}},"branchMap":{},"s":{"0":2,"1":3,"2":3,"3":2,"4":1,"5":2},"f":{"0":3,"1":2,"2":1},"b":{}}
,"/home/gustavo-de-brito/Documents/Driven/projetos/module5/projeto22-why-science/projeto22-why-science-back/src/services/questionService.ts": {"path":"/home/gustavo-de-brito/Documents/Driven/projetos/module5/projeto22-why-science/projeto22-why-science-back/src/services/questionService.ts","statementMap":{"0":{"start":{"line":1,"column":0},"end":{"line":1,"column":52}},"1":{"start":{"line":4,"column":0},"end":{"line":4,"column":86}},"2":{"start":{"line":5,"column":0},"end":{"line":5,"column":74}},"3":{"start":{"line":6,"column":0},"end":{"line":6,"column":44}},"4":{"start":{"line":8,"column":0},"end":{"line":8,"column":48}},"5":{"start":{"line":11,"column":36},"end":{"line":12,"column":null}},"6":{"start":{"line":15,"column":2},"end":{"line":15,"column":79}},"7":{"start":{"line":15,"column":24},"end":{"line":15,"column":79}},"8":{"start":{"line":17,"column":2},"end":{"line":17,"column":18}},"9":{"start":{"line":21,"column":36},"end":{"line":22,"column":null}},"10":{"start":{"line":25,"column":2},"end":{"line":25,"column":78}},"11":{"start":{"line":25,"column":24},"end":{"line":25,"column":78}},"12":{"start":{"line":29,"column":2},"end":{"line":29,"column":47}},"13":{"start":{"line":30,"column":29},"end":{"line":30,"column":76}},"14":{"start":{"line":32,"column":2},"end":{"line":32,"column":18}},"15":{"start":{"line":36,"column":36},"end":{"line":37,"column":null}},"16":{"start":{"line":40,"column":2},"end":{"line":40,"column":71}},"17":{"start":{"line":40,"column":24},"end":{"line":40,"column":71}},"18":{"start":{"line":46,"column":2},"end":{"line":46,"column":44}},"19":{"start":{"line":48,"column":33},"end":{"line":48,"column":37}},"20":{"start":{"line":50,"column":2},"end":{"line":54,"column":null}},"21":{"start":{"line":51,"column":4},"end":{"line":51,"column":60}},"22":{"start":{"line":52,"column":9},"end":{"line":54,"column":null}},"23":{"start":{"line":53,"column":4},"end":{"line":53,"column":62}},"24":{"start":{"line":56,"column":2},"end":{"line":58,"column":null}},"25":{"start":{"line":57,"column":4},"end":{"line":57,"column":75}},"26":{"start":{"line":60,"column":36},"end":{"line":64,"column":null}},"27":{"start":{"line":66,"column":39},"end":{"line":67,"column":null}},"28":{"start":{"line":70,"column":2},"end":{"line":70,"column":28}},"29":{"start":{"line":74,"column":27},"end":{"line":80,"column":null}},"30":{"start":{"line":82,"column":2},"end":{"line":82,"column":26}},"31":{"start":{"line":86,"column":20},"end":{"line":86,"column":60}},"32":{"start":{"line":88,"column":28},"end":{"line":88,"column":57}},"33":{"start":{"line":90,"column":2},"end":{"line":90,"column":27}},"34":{"start":{"line":94,"column":35},"end":{"line":95,"column":null}},"35":{"start":{"line":98,"column":2},"end":{"line":98,"column":74}},"36":{"start":{"line":98,"column":24},"end":{"line":98,"column":74}},"37":{"start":{"line":104,"column":27},"end":{"line":104,"column":73}},"38":{"start":{"line":106,"column":2},"end":{"line":106,"column":14}},"39":{"start":{"line":110,"column":2},"end":{"line":110,"column":38}},"40":{"start":{"line":111,"column":27},"end":{"line":111,"column":68}},"41":{"start":{"line":113,"column":2},"end":{"line":117,"column":null}},"42":{"start":{"line":114,"column":4},"end":{"line":114,"column":50}},"43":{"start":{"line":116,"column":4},"end":{"line":116,"column":42}},"44":{"start":{"line":125,"column":2},"end":{"line":125,"column":38}},"45":{"start":{"line":127,"column":16},"end":{"line":130,"column":null}},"46":{"start":{"line":133,"column":34},"end":{"line":133,"column":76}},"47":{"start":{"line":135,"column":2},"end":{"line":135,"column":26}},"48":{"start":{"line":139,"column":2},"end":{"line":139,"column":38}},"49":{"start":{"line":141,"column":19},"end":{"line":142,"column":null}},"50":{"start":{"line":144,"column":18},"end":{"line":144,"column":69}},"51":{"start":{"line":146,"column":24},"end":{"line":146,"column":65}},"52":{"start":{"line":148,"column":2},"end":{"line":148,"column":26}},"53":{"start":{"line":151,"column":13},"end":{"line":157,"column":2}}},"fnMap":{"0":{"name":"isCategoryIdValid","decl":{"start":{"line":10,"column":15},"end":{"line":10,"column":32}},"loc":{"start":{"line":10,"column":51},"end":{"line":18,"column":null}}},"1":{"name":"isCategoryNameRegistered","decl":{"start":{"line":20,"column":15},"end":{"line":20,"column":39}},"loc":{"start":{"line":20,"column":60},"end":{"line":26,"column":null}}},"2":{"name":"createCategory","decl":{"start":{"line":28,"column":15},"end":{"line":28,"column":29}},"loc":{"start":{"line":28,"column":50},"end":{"line":33,"column":null}}},"3":{"name":"isQuestionRegistered","decl":{"start":{"line":35,"column":15},"end":{"line":35,"column":35}},"loc":{"start":{"line":35,"column":56},"end":{"line":41,"column":null}}},"4":{"name":"addQuestion","decl":{"start":{"line":43,"column":15},"end":{"line":43,"column":26}},"loc":{"start":{"line":43,"column":66},"end":{"line":71,"column":null}}},"5":{"name":"formatQuestion","decl":{"start":{"line":73,"column":9},"end":{"line":73,"column":23}},"loc":{"start":{"line":73,"column":37},"end":{"line":83,"column":1}}},"6":{"name":"findQuestions","decl":{"start":{"line":85,"column":15},"end":{"line":85,"column":28}},"loc":{"start":{"line":85,"column":28},"end":{"line":91,"column":null}}},"7":{"name":"isQuestionIdValid","decl":{"start":{"line":93,"column":15},"end":{"line":93,"column":32}},"loc":{"start":{"line":93,"column":51},"end":{"line":99,"column":null}}},"8":{"name":"isQuestionLiked","decl":{"start":{"line":101,"column":15},"end":{"line":101,"column":30}},"loc":{"start":{"line":101,"column":65},"end":{"line":107,"column":null}}},"9":{"name":"toggleQuestionLike","decl":{"start":{"line":109,"column":15},"end":{"line":109,"column":33}},"loc":{"start":{"line":109,"column":68},"end":{"line":118,"column":null}}},"10":{"name":"registerAnswer","decl":{"start":{"line":120,"column":15},"end":{"line":120,"column":29}},"loc":{"start":{"line":123,"column":16},"end":{"line":136,"column":null}}},"11":{"name":"findQuestionAnswers","decl":{"start":{"line":138,"column":15},"end":{"line":138,"column":34}},"loc":{"start":{"line":138,"column":53},"end":{"line":149,"column":null}}}},"branchMap":{"0":{"loc":{"start":{"line":15,"column":2},"end":{"line":15,"column":79}},"type":"if","locations":[{"start":{"line":15,"column":2},"end":{"line":15,"column":79}}]},"1":{"loc":{"start":{"line":25,"column":2},"end":{"line":25,"column":78}},"type":"if","locations":[{"start":{"line":25,"column":2},"end":{"line":25,"column":78}}]},"2":{"loc":{"start":{"line":40,"column":2},"end":{"line":40,"column":71}},"type":"if","locations":[{"start":{"line":40,"column":2},"end":{"line":40,"column":71}}]},"3":{"loc":{"start":{"line":50,"column":2},"end":{"line":54,"column":null}},"type":"if","locations":[{"start":{"line":50,"column":2},"end":{"line":54,"column":null}},{"start":{"line":52,"column":9},"end":{"line":54,"column":null}}]},"4":{"loc":{"start":{"line":52,"column":9},"end":{"line":54,"column":null}},"type":"if","locations":[{"start":{"line":52,"column":9},"end":{"line":54,"column":null}}]},"5":{"loc":{"start":{"line":56,"column":2},"end":{"line":58,"column":null}},"type":"if","locations":[{"start":{"line":56,"column":2},"end":{"line":58,"column":null}}]},"6":{"loc":{"start":{"line":98,"column":2},"end":{"line":98,"column":74}},"type":"if","locations":[{"start":{"line":98,"column":2},"end":{"line":98,"column":74}}]},"7":{"loc":{"start":{"line":113,"column":2},"end":{"line":117,"column":null}},"type":"if","locations":[{"start":{"line":113,"column":2},"end":{"line":117,"column":null}},{"start":{"line":115,"column":9},"end":{"line":117,"column":null}}]}},"s":{"0":2,"1":2,"2":2,"3":2,"4":2,"5":2,"6":2,"7":1,"8":1,"9":2,"10":2,"11":1,"12":2,"13":1,"14":1,"15":6,"16":6,"17":1,"18":6,"19":5,"20":5,"21":2,"22":3,"23":2,"24":3,"25":1,"26":2,"27":2,"28":2,"29":11,"30":11,"31":1,"32":1,"33":1,"34":8,"35":8,"36":3,"37":3,"38":3,"39":4,"40":3,"41":3,"42":2,"43":1,"44":2,"45":1,"46":1,"47":1,"48":2,"49":1,"50":1,"51":1,"52":1,"53":2},"f":{"0":2,"1":2,"2":2,"3":6,"4":6,"5":11,"6":1,"7":8,"8":3,"9":4,"10":2,"11":2},"b":{"0":[1],"1":[1],"2":[1],"3":[2,3],"4":[2],"5":[1],"6":[3],"7":[2,1]}}
}
