{"/home/gustavo-de-brito/Documents/Driven/projetos/module5/projeto22-why-science/projeto22-why-science-back/src/services/authService.ts": {"path":"/home/gustavo-de-brito/Documents/Driven/projetos/module5/projeto22-why-science/projeto22-why-science-back/src/services/authService.ts","statementMap":{"0":{"start":{"line":1,"column":0},"end":{"line":1,"column":28}},"1":{"start":{"line":2,"column":0},"end":{"line":2,"column":28}},"2":{"start":{"line":3,"column":0},"end":{"line":3,"column":31}},"3":{"start":{"line":7,"column":0},"end":{"line":7,"column":63}},"4":{"start":{"line":8,"column":0},"end":{"line":8,"column":70}},"5":{"start":{"line":10,"column":0},"end":{"line":10,"column":16}},"6":{"start":{"line":13,"column":28},"end":{"line":13,"column":68}},"7":{"start":{"line":15,"column":2},"end":{"line":15,"column":71}},"8":{"start":{"line":15,"column":11},"end":{"line":15,"column":71}},"9":{"start":{"line":19,"column":28},"end":{"line":19,"column":70}},"10":{"start":{"line":21,"column":2},"end":{"line":21,"column":72}},"11":{"start":{"line":21,"column":11},"end":{"line":21,"column":72}},"12":{"start":{"line":25,"column":2},"end":{"line":25,"column":40}},"13":{"start":{"line":26,"column":2},"end":{"line":26,"column":45}},"14":{"start":{"line":28,"column":36},"end":{"line":28,"column":70}},"15":{"start":{"line":30,"column":28},"end":{"line":35,"column":null}},"16":{"start":{"line":37,"column":2},"end":{"line":37,"column":39}},"17":{"start":{"line":41,"column":28},"end":{"line":41,"column":70}},"18":{"start":{"line":43,"column":2},"end":{"line":43,"column":64}},"19":{"start":{"line":43,"column":12},"end":{"line":43,"column":64}},"20":{"start":{"line":45,"column":2},"end":{"line":45,"column":14}},"21":{"start":{"line":49,"column":28},"end":{"line":49,"column":71}},"22":{"start":{"line":51,"column":2},"end":{"line":51,"column":77}},"23":{"start":{"line":51,"column":25},"end":{"line":51,"column":77}},"24":{"start":{"line":55,"column":19},"end":{"line":55,"column":54}},"25":{"start":{"line":56,"column":2},"end":{"line":56,"column":50}},"26":{"start":{"line":58,"column":26},"end":{"line":58,"column":60}},"27":{"start":{"line":59,"column":26},"end":{"line":59,"column":37}},"28":{"start":{"line":61,"column":16},"end":{"line":64,"column":null}},"29":{"start":{"line":67,"column":2},"end":{"line":67,"column":15}},"30":{"start":{"line":70,"column":13},"end":{"line":73,"column":2}}},"fnMap":{"0":{"name":"isUserNameRegistered","decl":{"start":{"line":12,"column":15},"end":{"line":12,"column":35}},"loc":{"start":{"line":12,"column":48},"end":{"line":16,"column":null}}},"1":{"name":"isEmailAlreadyRegistered","decl":{"start":{"line":18,"column":15},"end":{"line":18,"column":39}},"loc":{"start":{"line":18,"column":53},"end":{"line":22,"column":null}}},"2":{"name":"registerUser","decl":{"start":{"line":24,"column":15},"end":{"line":24,"column":27}},"loc":{"start":{"line":24,"column":47},"end":{"line":38,"column":null}}},"3":{"name":"isEmailRegistered","decl":{"start":{"line":40,"column":15},"end":{"line":40,"column":32}},"loc":{"start":{"line":40,"column":46},"end":{"line":46,"column":null}}},"4":{"name":"checkPassword","decl":{"start":{"line":48,"column":9},"end":{"line":48,"column":22}},"loc":{"start":{"line":48,"column":62},"end":{"line":52,"column":1}}},"5":{"name":"loginUser","decl":{"start":{"line":54,"column":15},"end":{"line":54,"column":24}},"loc":{"start":{"line":54,"column":41},"end":{"line":68,"column":null}}}},"branchMap":{"0":{"loc":{"start":{"line":15,"column":2},"end":{"line":15,"column":71}},"type":"if","locations":[{"start":{"line":15,"column":2},"end":{"line":15,"column":71}}]},"1":{"loc":{"start":{"line":21,"column":2},"end":{"line":21,"column":72}},"type":"if","locations":[{"start":{"line":21,"column":2},"end":{"line":21,"column":72}}]},"2":{"loc":{"start":{"line":43,"column":2},"end":{"line":43,"column":64}},"type":"if","locations":[{"start":{"line":43,"column":2},"end":{"line":43,"column":64}}]},"3":{"loc":{"start":{"line":51,"column":2},"end":{"line":51,"column":77}},"type":"if","locations":[{"start":{"line":51,"column":2},"end":{"line":51,"column":77}}]},"4":{"loc":{"start":{"line":58,"column":26},"end":{"line":58,"column":60}},"type":"cond-expr","locations":[{"start":{"line":58,"column":53},"end":{"line":58,"column":58}},{"start":{"line":58,"column":58},"end":{"line":58,"column":60}}]},"5":{"loc":{"start":{"line":58,"column":26},"end":{"line":58,"column":58}},"type":"binary-expr","locations":[{"start":{"line":58,"column":26},"end":{"line":58,"column":58}},{"start":{"line":58,"column":53},"end":{"line":58,"column":58}}]}},"s":{"0":1,"1":1,"2":1,"3":1,"4":1,"5":1,"6":3,"7":3,"8":1,"9":2,"10":2,"11":1,"12":3,"13":2,"14":1,"15":1,"16":1,"17":3,"18":3,"19":1,"20":2,"21":2,"22":2,"23":1,"24":3,"25":2,"26":1,"27":1,"28":1,"29":1,"30":1},"f":{"0":3,"1":2,"2":3,"3":3,"4":2,"5":3},"b":{"0":[1],"1":[1],"2":[1],"3":[1],"4":[1,0],"5":[1,1]}}
}
