TN:
SF:src/services/answerService.ts
FN:5,createAnswer
FNF:1
FNH:1
FNDA:1,createAnswer
DA:2,2
DA:6,1
DA:8,1
DA:11,2
LF:4
LH:4
BRF:0
BRH:0
end_of_record
TN:
SF:src/services/authService.ts
FN:12,isUserNameRegistered
FN:18,isEmailAlreadyRegistered
FN:24,registerUser
FN:40,isEmailRegistered
FN:48,checkPassword
FN:54,loginUser
FN:70,getUserById
FNF:7
FNH:7
FNDA:3,isUserNameRegistered
FNDA:2,isEmailAlreadyRegistered
FNDA:3,registerUser
FNDA:3,isEmailRegistered
FNDA:2,checkPassword
FNDA:3,loginUser
FNDA:15,getUserById
DA:1,2
DA:2,2
DA:3,2
DA:7,2
DA:8,2
DA:10,2
DA:13,3
DA:15,3
DA:19,2
DA:21,2
DA:25,3
DA:26,2
DA:28,1
DA:30,1
DA:37,1
DA:41,3
DA:43,3
DA:45,2
DA:49,2
DA:51,2
DA:55,3
DA:56,2
DA:58,1
DA:59,1
DA:61,1
DA:67,1
DA:71,15
DA:73,15
DA:76,2
LF:29
LH:29
BRDA:15,0,0,1
BRDA:21,1,0,1
BRDA:43,2,0,1
BRDA:51,3,0,1
BRDA:58,4,0,1
BRDA:58,4,1,0
BRDA:58,5,0,1
BRDA:58,5,1,1
BRF:8
BRH:7
end_of_record
TN:
SF:src/services/categoryService.ts
FN:4,findCategoryById
FN:12,findCategoryByName
FN:20,addCategory
FNF:3
FNH:3
FNDA:2,findCategoryById
FNDA:2,findCategoryByName
FNDA:1,addCategory
DA:2,2
DA:5,2
DA:9,2
DA:13,2
DA:17,2
DA:21,1
DA:25,1
DA:28,2
LF:8
LH:8
BRF:0
BRH:0
end_of_record
TN:
SF:src/services/likeService.ts
FN:4,findLike
FN:14,addLike
FN:18,removeLike
FNF:3
FNH:3
FNDA:3,findLike
FNDA:2,addLike
FNDA:1,removeLike
DA:2,2
DA:7,3
DA:11,3
DA:15,2
DA:19,1
DA:22,2
LF:6
LH:6
BRF:0
BRH:0
end_of_record
TN:
SF:src/services/questionService.ts
FN:10,isCategoryIdValid
FN:20,isCategoryNameRegistered
FN:28,createCategory
FN:35,isQuestionRegistered
FN:43,addQuestion
FN:73,formatQuestion
FN:84,findQuestions
FN:92,isQuestionIdValid
FN:100,isQuestionLiked
FN:108,toggleQuestionLike
FN:119,registerAnswer
FNF:11
FNH:11
FNDA:2,isCategoryIdValid
FNDA:2,isCategoryNameRegistered
FNDA:2,createCategory
FNDA:6,isQuestionRegistered
FNDA:6,addQuestion
FNDA:10,formatQuestion
FNDA:1,findQuestions
FNDA:6,isQuestionIdValid
FNDA:3,isQuestionLiked
FNDA:4,toggleQuestionLike
FNDA:2,registerAnswer
DA:1,2
DA:4,2
DA:5,2
DA:6,2
DA:8,2
DA:11,2
DA:15,2
DA:17,1
DA:21,2
DA:25,2
DA:29,2
DA:30,1
DA:32,1
DA:36,6
DA:40,6
DA:46,6
DA:48,5
DA:50,5
DA:51,2
DA:52,3
DA:53,2
DA:56,3
DA:57,1
DA:60,2
DA:66,2
DA:70,2
DA:74,10
DA:81,10
DA:85,1
DA:87,1
DA:89,1
DA:93,6
DA:97,6
DA:103,3
DA:105,3
DA:109,4
DA:110,3
DA:112,3
DA:113,2
DA:115,1
DA:124,2
DA:126,1
DA:132,1
DA:134,1
DA:137,2
LF:45
LH:45
BRDA:15,0,0,1
BRDA:25,1,0,1
BRDA:40,2,0,1
BRDA:50,3,0,2
BRDA:50,3,1,3
BRDA:52,4,0,2
BRDA:56,5,0,1
BRDA:97,6,0,2
BRDA:112,7,0,2
BRDA:112,7,1,1
BRF:10
BRH:10
end_of_record
