TN:
SF:src/services/authService.ts
FN:12,isUserNameRegistered
FN:18,isEmailAlreadyRegistered
FN:24,registerUser
FN:40,isEmailRegistered
FN:48,checkPassword
FN:54,loginUser
FNF:6
FNH:6
FNDA:3,isUserNameRegistered
FNDA:2,isEmailAlreadyRegistered
FNDA:3,registerUser
FNDA:3,isEmailRegistered
FNDA:2,checkPassword
FNDA:3,loginUser
DA:1,1
DA:2,1
DA:3,1
DA:7,1
DA:8,1
DA:10,1
DA:13,3
DA:15,3
DA:19,2
DA:21,2
DA:25,3
DA:26,2
DA:28,1
DA:30,1
DA:37,1
DA:41,3
DA:43,3
DA:45,2
DA:49,2
DA:51,2
DA:55,3
DA:56,2
DA:58,1
DA:59,1
DA:61,1
DA:67,1
DA:70,1
LF:27
LH:27
BRDA:15,0,0,1
BRDA:21,1,0,1
BRDA:43,2,0,1
BRDA:51,3,0,1
BRDA:58,4,0,1
BRDA:58,4,1,0
BRDA:58,5,0,1
BRDA:58,5,1,1
BRF:8
BRH:7
end_of_record
